<?xml version="1.0" encoding="utf-8"?>
<!DOCTYPE coverage SYSTEM "http://cobertura.sourceforge.net/xml/coverage-04.dtd">
<coverage line-rate="0.27086907870197685" branch-rate="0.1593959731543624" lines-covered="3631" lines-valid="13405" branches-covered="950" branches-valid="5960" complexity="5586" version="0" timestamp="1637000202">
  <sources />
  <packages>
    <package name="DemoLibrary" line-rate="0.7297297297297297" branch-rate="0.9545454545454546" complexity="39">
      <classes>
        <class name="Bank.BankAccount" filename="C:\Users\Andres Paul\Documents\Andres\Calidad\Practica3\test\DemoLibrary\Bank.cs" line-rate="1" branch-rate="1" complexity="1">
          <methods>
            <method name="Balance" signature="()" line-rate="1" branch-rate="1" complexity="NaN">
              <lines>
                <line number="24" hits="12" branch="false" />
              </lines>
            </method>
            <method name=".ctor" signature="()" line-rate="1" branch-rate="1" complexity="1">
              <lines>
                <line number="13" hits="1" branch="false" />
                <line number="14" hits="1" branch="false" />
                <line number="15" hits="1" branch="false" />
              </lines>
            </method>
            <method name=".ctor" signature="(System.Double)" line-rate="1" branch-rate="1" complexity="NaN">
              <lines>
                <line number="17" hits="7" branch="false" />
                <line number="18" hits="7" branch="false" />
                <line number="19" hits="7" branch="false" />
                <line number="20" hits="7" branch="false" />
              </lines>
            </method>
            <method name="Add" signature="(System.Double)" line-rate="1" branch-rate="1" complexity="NaN">
              <lines>
                <line number="28" hits="3" branch="false" />
                <line number="29" hits="3" branch="true" condition-coverage="100% (2/2)" />
                <line number="30" hits="1" branch="false" />
                <line number="31" hits="1" branch="false" />
                <line number="34" hits="2" branch="false" />
                <line number="35" hits="2" branch="false" />
              </lines>
            </method>
            <method name="Withdraw" signature="(System.Double)" line-rate="1" branch-rate="1" complexity="NaN">
              <lines>
                <line number="38" hits="4" branch="false" />
                <line number="39" hits="4" branch="true" condition-coverage="100% (2/2)" />
                <line number="40" hits="1" branch="false" />
                <line number="41" hits="1" branch="false" />
                <line number="44" hits="3" branch="true" condition-coverage="100% (2/2)" />
                <line number="45" hits="1" branch="false" />
                <line number="46" hits="1" branch="false" />
                <line number="49" hits="2" branch="false" />
                <line number="50" hits="2" branch="false" />
              </lines>
            </method>
            <method name="TransferFundsTo" signature="(Bank.BankAccount,System.Double)" line-rate="1" branch-rate="1" complexity="NaN">
              <lines>
                <line number="53" hits="2" branch="false" />
                <line number="54" hits="2" branch="true" condition-coverage="100% (2/2)" />
                <line number="55" hits="1" branch="false" />
                <line number="56" hits="1" branch="false" />
                <line number="59" hits="1" branch="false" />
                <line number="60" hits="1" branch="false" />
                <line number="61" hits="1" branch="false" />
              </lines>
            </method>
          </methods>
          <lines>
            <line number="13" hits="1" branch="false" />
            <line number="14" hits="1" branch="false" />
            <line number="15" hits="1" branch="false" />
            <line number="17" hits="7" branch="false" />
            <line number="18" hits="7" branch="false" />
            <line number="19" hits="7" branch="false" />
            <line number="20" hits="7" branch="false" />
            <line number="24" hits="12" branch="false" />
            <line number="28" hits="3" branch="false" />
            <line number="29" hits="3" branch="true" condition-coverage="100% (2/2)" />
            <line number="30" hits="1" branch="false" />
            <line number="31" hits="1" branch="false" />
            <line number="34" hits="2" branch="false" />
            <line number="35" hits="2" branch="false" />
            <line number="38" hits="4" branch="false" />
            <line number="39" hits="4" branch="true" condition-coverage="100% (2/2)" />
            <line number="40" hits="1" branch="false" />
            <line number="41" hits="1" branch="false" />
            <line number="44" hits="3" branch="true" condition-coverage="100% (2/2)" />
            <line number="45" hits="1" branch="false" />
            <line number="46" hits="1" branch="false" />
            <line number="49" hits="2" branch="false" />
            <line number="50" hits="2" branch="false" />
            <line number="53" hits="2" branch="false" />
            <line number="54" hits="2" branch="true" condition-coverage="100% (2/2)" />
            <line number="55" hits="1" branch="false" />
            <line number="56" hits="1" branch="false" />
            <line number="59" hits="1" branch="false" />
            <line number="60" hits="1" branch="false" />
            <line number="61" hits="1" branch="false" />
          </lines>
        </class>
        <class name="DemoLibrary.Calculator" filename="C:\Users\Andres Paul\Documents\Andres\Calidad\Practica3\test\DemoLibrary\Calculator.cs" line-rate="0.8636363636363636" branch-rate="0.875" complexity="5">
          <methods>
            <method name="Add" signature="(System.Double,System.Double)" line-rate="1" branch-rate="1" complexity="NaN">
              <lines>
                <line number="12" hits="3" branch="false" />
                <line number="13" hits="3" branch="false" />
                <line number="14" hits="3" branch="false" />
              </lines>
            </method>
            <method name="Subtract" signature="(System.Double,System.Double)" line-rate="1" branch-rate="1" complexity="NaN">
              <lines>
                <line number="17" hits="2" branch="false" />
                <line number="18" hits="2" branch="false" />
                <line number="19" hits="2" branch="false" />
              </lines>
            </method>
            <method name="Multiply" signature="(System.Double,System.Double)" line-rate="0" branch-rate="1" complexity="NaN">
              <lines>
                <line number="22" hits="0" branch="false" />
                <line number="23" hits="0" branch="false" />
                <line number="24" hits="0" branch="false" />
              </lines>
            </method>
            <method name="Divide" signature="(System.Double,System.Double)" line-rate="1" branch-rate="1" complexity="NaN">
              <lines>
                <line number="27" hits="4" branch="false" />
                <line number="28" hits="4" branch="false" />
                <line number="39" hits="4" branch="false" />
              </lines>
            </method>
            <method name="Max" signature="(System.Int32,System.Int32)" line-rate="1" branch-rate="1" complexity="NaN">
              <lines>
                <line number="41" hits="3" branch="false" />
                <line number="42" hits="3" branch="true" condition-coverage="100% (2/2)" />
                <line number="43" hits="3" branch="false" />
              </lines>
            </method>
            <method name="Min" signature="(System.Int32,System.Int32)" line-rate="1" branch-rate="1" complexity="NaN">
              <lines>
                <line number="45" hits="3" branch="false" />
                <line number="46" hits="3" branch="true" condition-coverage="100% (2/2)" />
                <line number="47" hits="3" branch="false" />
              </lines>
            </method>
            <method name="GetOddNumbers" signature="()" line-rate="1" branch-rate="0.75" complexity="5">
              <lines>
                <line number="50" hits="3" branch="false" />
                <line number="51" hits="24" branch="true" condition-coverage="50% (1/2)" />
                <line number="52" hits="12" branch="true" condition-coverage="100% (2/2)" />
                <line number="53" hits="6" branch="false" />
              </lines>
            </method>
          </methods>
          <lines>
            <line number="12" hits="3" branch="false" />
            <line number="13" hits="3" branch="false" />
            <line number="14" hits="3" branch="false" />
            <line number="17" hits="2" branch="false" />
            <line number="18" hits="2" branch="false" />
            <line number="19" hits="2" branch="false" />
            <line number="22" hits="0" branch="false" />
            <line number="23" hits="0" branch="false" />
            <line number="24" hits="0" branch="false" />
            <line number="27" hits="4" branch="false" />
            <line number="28" hits="4" branch="false" />
            <line number="39" hits="4" branch="false" />
            <line number="41" hits="3" branch="false" />
            <line number="42" hits="3" branch="true" condition-coverage="100% (2/2)" />
            <line number="43" hits="3" branch="false" />
            <line number="45" hits="3" branch="false" />
            <line number="46" hits="3" branch="true" condition-coverage="100% (2/2)" />
            <line number="47" hits="3" branch="false" />
            <line number="50" hits="3" branch="false" />
            <line number="51" hits="24" branch="true" condition-coverage="50% (1/2)" />
            <line number="52" hits="12" branch="true" condition-coverage="100% (2/2)" />
            <line number="53" hits="6" branch="false" />
          </lines>
        </class>
        <class name="DemoLibrary.DataAccess" filename="C:\Users\Andres Paul\Documents\Andres\Calidad\Practica3\test\DemoLibrary\DataAccess.cs" line-rate="0.29411764705882354" branch-rate="1" complexity="3">
          <methods>
            <method name="AddNewPerson" signature="(DemoLibrary.Models.PersonModel)" line-rate="0" branch-rate="1" complexity="NaN">
              <lines>
                <line number="19" hits="0" branch="false" />
                <line number="20" hits="0" branch="false" />
                <line number="22" hits="0" branch="false" />
                <line number="24" hits="0" branch="false" />
                <line number="26" hits="0" branch="false" />
                <line number="27" hits="0" branch="false" />
              </lines>
            </method>
            <method name="AddPersonToPeopleList" signature="(System.Collections.Generic.List`1&lt;DemoLibrary.Models.PersonModel&gt;,DemoLibrary.Models.PersonModel)" line-rate="1" branch-rate="1" complexity="NaN">
              <lines>
                <line number="30" hits="5" branch="false" />
                <line number="31" hits="5" branch="true" condition-coverage="100% (2/2)" />
                <line number="32" hits="2" branch="false" />
                <line number="33" hits="2" branch="false" />
                <line number="36" hits="3" branch="true" condition-coverage="100% (2/2)" />
                <line number="37" hits="1" branch="false" />
                <line number="38" hits="1" branch="false" />
                <line number="41" hits="2" branch="false" />
                <line number="42" hits="2" branch="false" />
              </lines>
            </method>
            <method name="ConvertModelsToCSV" signature="(System.Collections.Generic.List`1&lt;DemoLibrary.Models.PersonModel&gt;)" line-rate="0" branch-rate="1" complexity="NaN">
              <lines>
                <line number="45" hits="0" branch="false" />
                <line number="46" hits="0" branch="false" />
                <line number="48" hits="0" branch="false" />
                <line number="49" hits="0" branch="false" />
                <line number="50" hits="0" branch="false" />
                <line number="51" hits="0" branch="false" />
                <line number="53" hits="0" branch="false" />
                <line number="54" hits="0" branch="false" />
              </lines>
            </method>
            <method name="GetAllPeople" signature="()" line-rate="0" branch-rate="1" complexity="2">
              <lines>
                <line number="57" hits="0" branch="false" />
                <line number="58" hits="0" branch="false" />
                <line number="59" hits="0" branch="false" />
                <line number="61" hits="0" branch="false" />
                <line number="62" hits="0" branch="false" />
                <line number="63" hits="0" branch="false" />
                <line number="64" hits="0" branch="false" />
                <line number="65" hits="0" branch="false" />
                <line number="67" hits="0" branch="false" />
                <line number="68" hits="0" branch="false" />
              </lines>
            </method>
            <method name=".cctor" signature="()" line-rate="1" branch-rate="1" complexity="1">
              <lines>
                <line number="16" hits="1" branch="false" />
              </lines>
            </method>
          </methods>
          <lines>
            <line number="16" hits="1" branch="false" />
            <line number="19" hits="0" branch="false" />
            <line number="20" hits="0" branch="false" />
            <line number="22" hits="0" branch="false" />
            <line number="24" hits="0" branch="false" />
            <line number="26" hits="0" branch="false" />
            <line number="27" hits="0" branch="false" />
            <line number="30" hits="5" branch="false" />
            <line number="31" hits="5" branch="true" condition-coverage="100% (2/2)" />
            <line number="32" hits="2" branch="false" />
            <line number="33" hits="2" branch="false" />
            <line number="36" hits="3" branch="true" condition-coverage="100% (2/2)" />
            <line number="37" hits="1" branch="false" />
            <line number="38" hits="1" branch="false" />
            <line number="41" hits="2" branch="false" />
            <line number="42" hits="2" branch="false" />
            <line number="45" hits="0" branch="false" />
            <line number="46" hits="0" branch="false" />
            <line number="48" hits="0" branch="false" />
            <line number="49" hits="0" branch="false" />
            <line number="50" hits="0" branch="false" />
            <line number="51" hits="0" branch="false" />
            <line number="53" hits="0" branch="false" />
            <line number="54" hits="0" branch="false" />
            <line number="57" hits="0" branch="false" />
            <line number="58" hits="0" branch="false" />
            <line number="59" hits="0" branch="false" />
            <line number="61" hits="0" branch="false" />
            <line number="62" hits="0" branch="false" />
            <line number="63" hits="0" branch="false" />
            <line number="64" hits="0" branch="false" />
            <line number="65" hits="0" branch="false" />
            <line number="67" hits="0" branch="false" />
            <line number="68" hits="0" branch="false" />
          </lines>
        </class>
        <class name="DemoLibrary.Examples" filename="C:\Users\Andres Paul\Documents\Andres\Calidad\Practica3\test\DemoLibrary\TextFile.cs" line-rate="1" branch-rate="1" complexity="NaN">
          <methods>
            <method name="ExampleLoadTextFile" signature="(System.String)" line-rate="1" branch-rate="1" complexity="NaN">
              <lines>
                <line number="12" hits="2" branch="false" />
                <line number="13" hits="2" branch="true" condition-coverage="100% (2/2)" />
                <line number="14" hits="1" branch="false" />
                <line number="15" hits="1" branch="false" />
                <line number="19" hits="1" branch="false" />
                <line number="20" hits="1" branch="false" />
              </lines>
            </method>
          </methods>
          <lines>
            <line number="12" hits="2" branch="false" />
            <line number="13" hits="2" branch="true" condition-coverage="100% (2/2)" />
            <line number="14" hits="1" branch="false" />
            <line number="15" hits="1" branch="false" />
            <line number="19" hits="1" branch="false" />
            <line number="20" hits="1" branch="false" />
          </lines>
        </class>
        <class name="DemoLibrary.Models.PersonModel" filename="C:\Users\Andres Paul\Documents\Andres\Calidad\Practica3\test\DemoLibrary\Models\PersonModel.cs" line-rate="0.4" branch-rate="1" complexity="NaN">
          <methods>
            <method name="FirstName" signature="()" line-rate="1" branch-rate="1" complexity="NaN">
              <lines>
                <line number="11" hits="10" branch="false" />
              </lines>
            </method>
            <method name="FirstName" signature="(System.String)" line-rate="1" branch-rate="1" complexity="NaN">
              <lines>
                <line number="11" hits="10" branch="false" />
              </lines>
            </method>
            <method name="LastName" signature="()" line-rate="1" branch-rate="1" complexity="NaN">
              <lines>
                <line number="12" hits="8" branch="false" />
              </lines>
            </method>
            <method name="LastName" signature="(System.String)" line-rate="1" branch-rate="1" complexity="NaN">
              <lines>
                <line number="12" hits="8" branch="false" />
              </lines>
            </method>
            <method name="FullName" signature="()" line-rate="0" branch-rate="1" complexity="NaN">
              <lines>
                <line number="17" hits="0" branch="false" />
                <line number="18" hits="0" branch="false" />
                <line number="19" hits="0" branch="false" />
              </lines>
            </method>
          </methods>
          <lines>
            <line number="11" hits="10" branch="false" />
            <line number="12" hits="8" branch="false" />
            <line number="17" hits="0" branch="false" />
            <line number="18" hits="0" branch="false" />
            <line number="19" hits="0" branch="false" />
          </lines>
        </class>
        <class name="Tienda.Product" filename="C:\Users\Andres Paul\Documents\Andres\Calidad\Practica3\test\DemoLibrary\Tienda.cs" line-rate="1" branch-rate="1" complexity="2">
          <methods>
            <method name=".ctor" signature="(System.String,System.Double)" line-rate="1" branch-rate="1" complexity="NaN">
              <lines>
                <line number="13" hits="5" branch="false" />
                <line number="14" hits="5" branch="false" />
                <line number="15" hits="5" branch="false" />
                <line number="16" hits="5" branch="false" />
                <line number="17" hits="5" branch="false" />
              </lines>
            </method>
            <method name="GetName" signature="()" line-rate="1" branch-rate="1" complexity="1">
              <lines>
                <line number="19" hits="1" branch="false" />
                <line number="20" hits="1" branch="false" />
                <line number="21" hits="1" branch="false" />
              </lines>
            </method>
            <method name="GetPrice" signature="()" line-rate="1" branch-rate="1" complexity="1">
              <lines>
                <line number="24" hits="2" branch="false" />
                <line number="25" hits="2" branch="false" />
                <line number="26" hits="2" branch="false" />
              </lines>
            </method>
            <method name="GetTotal" signature="(System.Double)" line-rate="1" branch-rate="1" complexity="NaN">
              <lines>
                <line number="29" hits="3" branch="false" />
                <line number="30" hits="3" branch="false" />
                <line number="31" hits="3" branch="false" />
              </lines>
            </method>
          </methods>
          <lines>
            <line number="13" hits="5" branch="false" />
            <line number="14" hits="5" branch="false" />
            <line number="15" hits="5" branch="false" />
            <line number="16" hits="5" branch="false" />
            <line number="17" hits="5" branch="false" />
            <line number="19" hits="1" branch="false" />
            <line number="20" hits="1" branch="false" />
            <line number="21" hits="1" branch="false" />
            <line number="24" hits="2" branch="false" />
            <line number="25" hits="2" branch="false" />
            <line number="26" hits="2" branch="false" />
            <line number="29" hits="3" branch="false" />
            <line number="30" hits="3" branch="false" />
            <line number="31" hits="3" branch="false" />
          </lines>
        </class>
      </classes>
    </package>
    <package name="DemoLibrary.Tests" line-rate="0.952755905511811" branch-rate="0.5" complexity="27">
      <classes>
        <class name="DemoLibrary.Tests.CalculatorTests" filename="C:\Users\Andres Paul\Documents\Andres\Calidad\Practica3\test\DemoLibrary.Tests\CalculatorTests.cs" line-rate="0.9787234042553191" branch-rate="1" complexity="6">
          <methods>
            <method name="Suma_simple" signature="(System.Double,System.Double,System.Double)" line-rate="1" branch-rate="1" complexity="NaN">
              <lines>
                <line number="18" hits="3" branch="false" />
                <line number="22" hits="3" branch="false" />
                <line number="25" hits="3" branch="false" />
                <line number="26" hits="3" branch="false" />
              </lines>
            </method>
            <method name="resta_simple" signature="()" line-rate="1" branch-rate="1" complexity="1">
              <lines>
                <line number="30" hits="1" branch="false" />
                <line number="32" hits="1" branch="false" />
                <line number="34" hits="1" branch="false" />
                <line number="36" hits="1" branch="false" />
                <line number="37" hits="1" branch="false" />
              </lines>
            </method>
            <method name="resta_negativa" signature="()" line-rate="1" branch-rate="1" complexity="1">
              <lines>
                <line number="41" hits="1" branch="false" />
                <line number="43" hits="1" branch="false" />
                <line number="45" hits="1" branch="false" />
                <line number="47" hits="1" branch="false" />
                <line number="48" hits="1" branch="false" />
              </lines>
            </method>
            <method name="Division_Simple" signature="(System.Double,System.Double,System.Double)" line-rate="1" branch-rate="1" complexity="NaN">
              <lines>
                <line number="52" hits="1" branch="false" />
                <line number="56" hits="1" branch="false" />
                <line number="59" hits="1" branch="false" />
                <line number="60" hits="1" branch="false" />
              </lines>
            </method>
            <method name="Division_normal_8_2" signature="()" line-rate="1" branch-rate="1" complexity="1">
              <lines>
                <line number="64" hits="1" branch="false" />
                <line number="66" hits="1" branch="false" />
                <line number="69" hits="1" branch="false" />
                <line number="72" hits="1" branch="false" />
                <line number="73" hits="1" branch="false" />
              </lines>
            </method>
            <method name="Division_numero_entre_0" signature="()" line-rate="1" branch-rate="1" complexity="1">
              <lines>
                <line number="77" hits="1" branch="false" />
                <line number="79" hits="1" branch="false" />
                <line number="82" hits="1" branch="false" />
                <line number="85" hits="1" branch="false" />
                <line number="86" hits="1" branch="false" />
              </lines>
            </method>
            <method name="Division_por_0" signature="()" line-rate="0.8" branch-rate="1" complexity="1">
              <lines>
                <line number="90" hits="1" branch="false" />
                <line number="92" hits="1" branch="false" />
                <line number="95" hits="1" branch="false" />
                <line number="98" hits="1" branch="false" />
                <line number="99" hits="0" branch="false" />
              </lines>
            </method>
            <method name="el_mayor_num" signature="(System.Int32,System.Int32,System.Int32)" line-rate="1" branch-rate="1" complexity="NaN">
              <lines>
                <line number="106" hits="3" branch="false" />
                <line number="107" hits="3" branch="false" />
                <line number="109" hits="3" branch="false" />
                <line number="110" hits="3" branch="false" />
              </lines>
            </method>
            <method name="el_menor_num" signature="(System.Int32,System.Int32,System.Int32)" line-rate="1" branch-rate="1" complexity="NaN">
              <lines>
                <line number="117" hits="3" branch="false" />
                <line number="118" hits="3" branch="false" />
                <line number="120" hits="3" branch="false" />
                <line number="121" hits="3" branch="false" />
              </lines>
            </method>
            <method name="Obtener_impares_mayores_a_0" signature="()" line-rate="1" branch-rate="1" complexity="1">
              <lines>
                <line number="125" hits="1" branch="false" />
                <line number="126" hits="1" branch="false" />
                <line number="128" hits="1" branch="false" />
                <line number="129" hits="1" branch="false" />
                <line number="130" hits="1" branch="false" />
                <line number="132" hits="1" branch="false" />
              </lines>
            </method>
          </methods>
          <lines>
            <line number="18" hits="3" branch="false" />
            <line number="22" hits="3" branch="false" />
            <line number="25" hits="3" branch="false" />
            <line number="26" hits="3" branch="false" />
            <line number="30" hits="1" branch="false" />
            <line number="32" hits="1" branch="false" />
            <line number="34" hits="1" branch="false" />
            <line number="36" hits="1" branch="false" />
            <line number="37" hits="1" branch="false" />
            <line number="41" hits="1" branch="false" />
            <line number="43" hits="1" branch="false" />
            <line number="45" hits="1" branch="false" />
            <line number="47" hits="1" branch="false" />
            <line number="48" hits="1" branch="false" />
            <line number="52" hits="1" branch="false" />
            <line number="56" hits="1" branch="false" />
            <line number="59" hits="1" branch="false" />
            <line number="60" hits="1" branch="false" />
            <line number="64" hits="1" branch="false" />
            <line number="66" hits="1" branch="false" />
            <line number="69" hits="1" branch="false" />
            <line number="72" hits="1" branch="false" />
            <line number="73" hits="1" branch="false" />
            <line number="77" hits="1" branch="false" />
            <line number="79" hits="1" branch="false" />
            <line number="82" hits="1" branch="false" />
            <line number="85" hits="1" branch="false" />
            <line number="86" hits="1" branch="false" />
            <line number="90" hits="1" branch="false" />
            <line number="92" hits="1" branch="false" />
            <line number="95" hits="1" branch="false" />
            <line number="98" hits="1" branch="false" />
            <line number="99" hits="0" branch="false" />
            <line number="106" hits="3" branch="false" />
            <line number="107" hits="3" branch="false" />
            <line number="109" hits="3" branch="false" />
            <line number="110" hits="3" branch="false" />
            <line number="117" hits="3" branch="false" />
            <line number="118" hits="3" branch="false" />
            <line number="120" hits="3" branch="false" />
            <line number="121" hits="3" branch="false" />
            <line number="125" hits="1" branch="false" />
            <line number="126" hits="1" branch="false" />
            <line number="128" hits="1" branch="false" />
            <line number="129" hits="1" branch="false" />
            <line number="130" hits="1" branch="false" />
            <line number="132" hits="1" branch="false" />
          </lines>
        </class>
        <class name="DemoLibrary.Tests.DataAccessTests" filename="C:\Users\Andres Paul\Documents\Andres\Calidad\Practica3\test\DemoLibrary.Tests\DataAccessTests.cs" line-rate="0.8076923076923077" branch-rate="1" complexity="3">
          <methods>
            <method name="Agregar_persona_a_la_lista_de_personas_deberia_funcionar" signature="()" line-rate="1" branch-rate="1" complexity="1">
              <lines>
                <line number="16" hits="1" branch="false" />
                <line number="17" hits="1" branch="false" />
                <line number="18" hits="1" branch="false" />
                <line number="20" hits="1" branch="false" />
                <line number="22" hits="1" branch="false" />
                <line number="23" hits="1" branch="false" />
                <line number="24" hits="1" branch="false" />
              </lines>
            </method>
            <method name="Agregar_persona_con_nombre_numero_no_deberia_funcionar" signature="()" line-rate="0.7142857142857143" branch-rate="1" complexity="1">
              <lines>
                <line number="28" hits="1" branch="false" />
                <line number="29" hits="1" branch="false" />
                <line number="30" hits="1" branch="false" />
                <line number="32" hits="1" branch="false" />
                <line number="34" hits="1" branch="false" />
                <line number="35" hits="0" branch="false" />
                <line number="36" hits="0" branch="false" />
              </lines>
            </method>
            <method name="Agregar_persona_Sin_Nombre_a_la_lista_de_personas_no_deberia_adicionarse" signature="()" line-rate="0.5714285714285714" branch-rate="1" complexity="1">
              <lines>
                <line number="40" hits="1" branch="false" />
                <line number="41" hits="1" branch="false" />
                <line number="42" hits="1" branch="false" />
                <line number="44" hits="1" branch="false" />
                <line number="46" hits="0" branch="false" />
                <line number="47" hits="0" branch="false" />
                <line number="48" hits="0" branch="false" />
              </lines>
            </method>
            <method name="Agregar_persona_a_la_lista_de_personas_deberia_fallar_esta_Vacio_un_campo" signature="(System.String,System.String,System.String)" line-rate="1" branch-rate="1" complexity="NaN">
              <lines>
                <line number="54" hits="2" branch="false" />
                <line number="55" hits="2" branch="false" />
                <line number="56" hits="2" branch="false" />
                <line number="58" hits="4" branch="false" />
                <line number="59" hits="2" branch="false" />
              </lines>
            </method>
          </methods>
          <lines>
            <line number="16" hits="1" branch="false" />
            <line number="17" hits="1" branch="false" />
            <line number="18" hits="1" branch="false" />
            <line number="20" hits="1" branch="false" />
            <line number="22" hits="1" branch="false" />
            <line number="23" hits="1" branch="false" />
            <line number="24" hits="1" branch="false" />
            <line number="28" hits="1" branch="false" />
            <line number="29" hits="1" branch="false" />
            <line number="30" hits="1" branch="false" />
            <line number="32" hits="1" branch="false" />
            <line number="34" hits="1" branch="false" />
            <line number="35" hits="0" branch="false" />
            <line number="36" hits="0" branch="false" />
            <line number="40" hits="1" branch="false" />
            <line number="41" hits="1" branch="false" />
            <line number="42" hits="1" branch="false" />
            <line number="44" hits="1" branch="false" />
            <line number="46" hits="0" branch="false" />
            <line number="47" hits="0" branch="false" />
            <line number="48" hits="0" branch="false" />
            <line number="54" hits="2" branch="false" />
            <line number="55" hits="2" branch="false" />
            <line number="56" hits="2" branch="false" />
            <line number="58" hits="4" branch="false" />
            <line number="59" hits="2" branch="false" />
          </lines>
        </class>
        <class name="DemoLibrary.Tests.ExamplesTests" filename="C:\Users\Andres Paul\Documents\Andres\Calidad\Practica3\test\DemoLibrary.Tests\ExamplesTests.cs" line-rate="1" branch-rate="0.5" complexity="3">
          <methods>
            <method name="Cargar_archivo_de_texto_El_nombre_valido_deberia_funcionar" signature="()" line-rate="1" branch-rate="1" complexity="1">
              <lines>
                <line number="16" hits="1" branch="false" />
                <line number="17" hits="1" branch="false" />
                <line number="19" hits="1" branch="false" />
                <line number="20" hits="1" branch="false" />
              </lines>
            </method>
            <method name="Cargar_archivo_de_texto_El_nombre_valido_deberia_fallar" signature="()" line-rate="1" branch-rate="0.5" complexity="2">
              <lines>
                <line number="24" hits="1" branch="false" />
                <line number="25" hits="2" branch="true" condition-coverage="50% (1/2)" />
                <line number="26" hits="1" branch="false" />
              </lines>
            </method>
          </methods>
          <lines>
            <line number="16" hits="1" branch="false" />
            <line number="17" hits="1" branch="false" />
            <line number="19" hits="1" branch="false" />
            <line number="20" hits="1" branch="false" />
            <line number="24" hits="1" branch="false" />
            <line number="25" hits="2" branch="true" condition-coverage="50% (1/2)" />
            <line number="26" hits="1" branch="false" />
          </lines>
        </class>
        <class name="Software.Tests.BankTests" filename="C:\Users\Andres Paul\Documents\Andres\Calidad\Practica3\test\DemoLibrary.Tests\BankTest.cs" line-rate="1" branch-rate="1" complexity="7">
          <methods>
            <method name="Agregar_monto_deberia_actualizar_los_fondos" signature="()" line-rate="1" branch-rate="1" complexity="1">
              <lines>
                <line number="16" hits="1" branch="false" />
                <line number="18" hits="1" branch="false" />
                <line number="21" hits="1" branch="false" />
                <line number="24" hits="1" branch="false" />
                <line number="25" hits="1" branch="false" />
              </lines>
            </method>
            <method name="Agregar_monto_negativo" signature="()" line-rate="1" branch-rate="1" complexity="1">
              <lines>
                <line number="29" hits="1" branch="false" />
                <line number="31" hits="1" branch="false" />
                <line number="34" hits="2" branch="false" />
                <line number="35" hits="1" branch="false" />
              </lines>
            </method>
            <method name="Retirar_monto_actualiza_el_balance" signature="()" line-rate="1" branch-rate="1" complexity="1">
              <lines>
                <line number="39" hits="1" branch="false" />
                <line number="41" hits="1" branch="false" />
                <line number="44" hits="1" branch="false" />
                <line number="47" hits="1" branch="false" />
                <line number="48" hits="1" branch="false" />
              </lines>
            </method>
            <method name="Retirar_montos_negativos" signature="()" line-rate="1" branch-rate="1" complexity="1">
              <lines>
                <line number="52" hits="1" branch="false" />
                <line number="54" hits="1" branch="false" />
                <line number="57" hits="2" branch="false" />
                <line number="58" hits="1" branch="false" />
              </lines>
            </method>
            <method name="Retirar_montos_mas_que_el_balanceTotal" signature="()" line-rate="1" branch-rate="1" complexity="1">
              <lines>
                <line number="62" hits="1" branch="false" />
                <line number="64" hits="1" branch="false" />
                <line number="67" hits="2" branch="false" />
                <line number="68" hits="1" branch="false" />
              </lines>
            </method>
            <method name="Transferir_fondos_de_una_cuenta_a_otra" signature="()" line-rate="1" branch-rate="1" complexity="1">
              <lines>
                <line number="72" hits="1" branch="false" />
                <line number="74" hits="1" branch="false" />
                <line number="75" hits="1" branch="false" />
                <line number="78" hits="1" branch="false" />
                <line number="81" hits="1" branch="false" />
                <line number="82" hits="1" branch="false" />
                <line number="83" hits="1" branch="false" />
              </lines>
            </method>
            <method name="Transferir_fondos_a_Cuenta_no_existente" signature="()" line-rate="1" branch-rate="1" complexity="1">
              <lines>
                <line number="87" hits="1" branch="false" />
                <line number="89" hits="1" branch="false" />
                <line number="92" hits="2" branch="false" />
                <line number="93" hits="1" branch="false" />
              </lines>
            </method>
          </methods>
          <lines>
            <line number="16" hits="1" branch="false" />
            <line number="18" hits="1" branch="false" />
            <line number="21" hits="1" branch="false" />
            <line number="24" hits="1" branch="false" />
            <line number="25" hits="1" branch="false" />
            <line number="29" hits="1" branch="false" />
            <line number="31" hits="1" branch="false" />
            <line number="34" hits="2" branch="false" />
            <line number="35" hits="1" branch="false" />
            <line number="39" hits="1" branch="false" />
            <line number="41" hits="1" branch="false" />
            <line number="44" hits="1" branch="false" />
            <line number="47" hits="1" branch="false" />
            <line number="48" hits="1" branch="false" />
            <line number="52" hits="1" branch="false" />
            <line number="54" hits="1" branch="false" />
            <line number="57" hits="2" branch="false" />
            <line number="58" hits="1" branch="false" />
            <line number="62" hits="1" branch="false" />
            <line number="64" hits="1" branch="false" />
            <line number="67" hits="2" branch="false" />
            <line number="68" hits="1" branch="false" />
            <line number="72" hits="1" branch="false" />
            <line number="74" hits="1" branch="false" />
            <line number="75" hits="1" branch="false" />
            <line number="78" hits="1" branch="false" />
            <line number="81" hits="1" branch="false" />
            <line number="82" hits="1" branch="false" />
            <line number="83" hits="1" branch="false" />
            <line number="87" hits="1" branch="false" />
            <line number="89" hits="1" branch="false" />
            <line number="92" hits="2" branch="false" />
            <line number="93" hits="1" branch="false" />
          </lines>
        </class>
        <class name="Software.Tests.TiendaTest" filename="C:\Users\Andres Paul\Documents\Andres\Calidad\Practica3\test\DemoLibrary.Tests\TiendaTest.cs" line-rate="1" branch-rate="1" complexity="2">
          <methods>
            <method name="nombreTest" signature="()" line-rate="1" branch-rate="1" complexity="1">
              <lines>
                <line number="16" hits="1" branch="false" />
                <line number="17" hits="1" branch="false" />
                <line number="18" hits="1" branch="false" />
                <line number="19" hits="1" branch="false" />
                <line number="20" hits="1" branch="false" />
              </lines>
            </method>
            <method name="PriceTest" signature="()" line-rate="1" branch-rate="1" complexity="1">
              <lines>
                <line number="23" hits="1" branch="false" />
                <line number="24" hits="1" branch="false" />
                <line number="25" hits="1" branch="false" />
                <line number="26" hits="1" branch="false" />
              </lines>
            </method>
            <method name="TestTotalPedido" signature="(System.Double,System.Double)" line-rate="1" branch-rate="1" complexity="NaN">
              <lines>
                <line number="33" hits="3" branch="false" />
                <line number="35" hits="3" branch="false" />
                <line number="37" hits="3" branch="false" />
                <line number="39" hits="3" branch="false" />
                <line number="40" hits="2" branch="false" />
              </lines>
            </method>
          </methods>
          <lines>
            <line number="16" hits="1" branch="false" />
            <line number="17" hits="1" branch="false" />
            <line number="18" hits="1" branch="false" />
            <line number="19" hits="1" branch="false" />
            <line number="20" hits="1" branch="false" />
            <line number="23" hits="1" branch="false" />
            <line number="24" hits="1" branch="false" />
            <line number="25" hits="1" branch="false" />
            <line number="26" hits="1" branch="false" />
            <line number="33" hits="3" branch="false" />
            <line number="35" hits="3" branch="false" />
            <line number="37" hits="3" branch="false" />
            <line number="39" hits="3" branch="false" />
            <line number="40" hits="2" branch="false" />
          </lines>
        </class>
      </classes>
    </package>
    <package name="xunit.assert" line-rate="0.16396568160152525" branch-rate="0.09570957095709572" complexity="488">
      <classes>
        <class name="Xunit.Assert" filename="C:\Dev\xunit\xunit\src\xunit.assert\Asserts\Assert.cs" line-rate="1" branch-rate="1" complexity="1">
          <methods>
            <method name=".ctor" signature="()" line-rate="1" branch-rate="1" complexity="1">
              <lines />
            </method>
            <method name="Equals" signature="(System.Object,System.Object)" line-rate="1" branch-rate="1" complexity="NaN">
              <lines />
            </method>
            <method name="ReferenceEquals" signature="(System.Object,System.Object)" line-rate="1" branch-rate="1" complexity="NaN">
              <lines />
            </method>
          </methods>
          <lines />
        </class>
        <class name="Xunit.Assert" filename="C:\Dev\xunit\xunit\src\xunit.assert\Asserts\BooleanAsserts.cs" line-rate="1" branch-rate="1" complexity="NaN">
          <methods>
            <method name="False" signature="(System.Boolean)" line-rate="1" branch-rate="1" complexity="NaN">
              <lines />
            </method>
            <method name="False" signature="(System.Nullable`1&lt;System.Boolean&gt;)" line-rate="1" branch-rate="1" complexity="NaN">
              <lines />
            </method>
            <method name="False" signature="(System.Boolean,System.String)" line-rate="1" branch-rate="1" complexity="NaN">
              <lines />
            </method>
            <method name="False" signature="(System.Nullable`1&lt;System.Boolean&gt;,System.String)" line-rate="1" branch-rate="1" complexity="NaN">
              <lines />
            </method>
            <method name="True" signature="(System.Boolean)" line-rate="1" branch-rate="1" complexity="NaN">
              <lines />
            </method>
            <method name="True" signature="(System.Nullable`1&lt;System.Boolean&gt;)" line-rate="1" branch-rate="1" complexity="NaN">
              <lines />
            </method>
            <method name="True" signature="(System.Boolean,System.String)" line-rate="1" branch-rate="1" complexity="NaN">
              <lines />
            </method>
            <method name="True" signature="(System.Nullable`1&lt;System.Boolean&gt;,System.String)" line-rate="1" branch-rate="1" complexity="NaN">
              <lines />
            </method>
          </methods>
          <lines />
        </class>
        <class name="Xunit.Assert" filename="C:\Dev\xunit\xunit\src\xunit.assert\Asserts\CollectionAsserts.cs" line-rate="1" branch-rate="1" complexity="NaN">
          <methods>
            <method name="All" signature="(System.Collections.Generic.IEnumerable`1&lt;T&gt;,System.Action`1&lt;T&gt;)" line-rate="1" branch-rate="1" complexity="NaN">
              <lines />
            </method>
            <method name="Collection" signature="(System.Collections.Generic.IEnumerable`1&lt;T&gt;,System.Action`1&lt;T&gt;[])" line-rate="1" branch-rate="1" complexity="NaN">
              <lines />
            </method>
            <method name="Contains" signature="(T,System.Collections.Generic.IEnumerable`1&lt;T&gt;)" line-rate="1" branch-rate="1" complexity="NaN">
              <lines />
            </method>
            <method name="Contains" signature="(T,System.Collections.Generic.IEnumerable`1&lt;T&gt;,System.Collections.Generic.IEqualityComparer`1&lt;T&gt;)" line-rate="1" branch-rate="1" complexity="NaN">
              <lines />
            </method>
            <method name="Contains" signature="(System.Collections.Generic.IEnumerable`1&lt;T&gt;,System.Predicate`1&lt;T&gt;)" line-rate="1" branch-rate="1" complexity="NaN">
              <lines />
            </method>
            <method name="DoesNotContain" signature="(T,System.Collections.Generic.IEnumerable`1&lt;T&gt;)" line-rate="1" branch-rate="1" complexity="NaN">
              <lines />
            </method>
            <method name="DoesNotContain" signature="(T,System.Collections.Generic.IEnumerable`1&lt;T&gt;,System.Collections.Generic.IEqualityComparer`1&lt;T&gt;)" line-rate="1" branch-rate="1" complexity="NaN">
              <lines />
            </method>
            <method name="DoesNotContain" signature="(System.Collections.Generic.IEnumerable`1&lt;T&gt;,System.Predicate`1&lt;T&gt;)" line-rate="1" branch-rate="1" complexity="NaN">
              <lines />
            </method>
            <method name="Empty" signature="(System.Collections.IEnumerable)" line-rate="1" branch-rate="1" complexity="NaN">
              <lines />
            </method>
            <method name="Equal" signature="(System.Collections.Generic.IEnumerable`1&lt;T&gt;,System.Collections.Generic.IEnumerable`1&lt;T&gt;)" line-rate="1" branch-rate="1" complexity="NaN">
              <lines />
            </method>
            <method name="Equal" signature="(System.Collections.Generic.IEnumerable`1&lt;T&gt;,System.Collections.Generic.IEnumerable`1&lt;T&gt;,System.Collections.Generic.IEqualityComparer`1&lt;T&gt;)" line-rate="1" branch-rate="1" complexity="NaN">
              <lines />
            </method>
            <method name="NotEmpty" signature="(System.Collections.IEnumerable)" line-rate="1" branch-rate="1" complexity="NaN">
              <lines />
            </method>
            <method name="NotEqual" signature="(System.Collections.Generic.IEnumerable`1&lt;T&gt;,System.Collections.Generic.IEnumerable`1&lt;T&gt;)" line-rate="1" branch-rate="1" complexity="NaN">
              <lines />
            </method>
            <method name="NotEqual" signature="(System.Collections.Generic.IEnumerable`1&lt;T&gt;,System.Collections.Generic.IEnumerable`1&lt;T&gt;,System.Collections.Generic.IEqualityComparer`1&lt;T&gt;)" line-rate="1" branch-rate="1" complexity="NaN">
              <lines />
            </method>
            <method name="Single" signature="(System.Collections.IEnumerable)" line-rate="1" branch-rate="1" complexity="NaN">
              <lines />
            </method>
            <method name="Single" signature="(System.Collections.IEnumerable,System.Object)" line-rate="1" branch-rate="1" complexity="NaN">
              <lines />
            </method>
            <method name="Single" signature="(System.Collections.Generic.IEnumerable`1&lt;T&gt;)" line-rate="1" branch-rate="1" complexity="NaN">
              <lines />
            </method>
            <method name="Single" signature="(System.Collections.Generic.IEnumerable`1&lt;T&gt;,System.Predicate`1&lt;T&gt;)" line-rate="1" branch-rate="1" complexity="NaN">
              <lines />
            </method>
          </methods>
          <lines />
        </class>
        <class name="Xunit.Assert" filename="C:\Dev\xunit\xunit\src\xunit.assert\Asserts\Comparers.cs" line-rate="1" branch-rate="1" complexity="1">
          <methods>
            <method name="GetComparer" signature="()" line-rate="1" branch-rate="1" complexity="1">
              <lines />
            </method>
            <method name="GetEqualityComparer" signature="(System.Collections.IEqualityComparer)" line-rate="1" branch-rate="1" complexity="NaN">
              <lines />
            </method>
          </methods>
          <lines />
        </class>
        <class name="Xunit.Assert" filename="C:\Dev\xunit\xunit\src\xunit.assert\Asserts\EqualityAsserts.cs" line-rate="1" branch-rate="1" complexity="NaN">
          <methods>
            <method name="Equal" signature="(T,T)" line-rate="1" branch-rate="1" complexity="NaN">
              <lines />
            </method>
            <method name="Equal" signature="(T,T,System.Collections.Generic.IEqualityComparer`1&lt;T&gt;)" line-rate="1" branch-rate="1" complexity="NaN">
              <lines />
            </method>
            <method name="Equal" signature="(System.Double,System.Double,System.Int32)" line-rate="1" branch-rate="1" complexity="NaN">
              <lines />
            </method>
            <method name="Equal" signature="(System.Decimal,System.Decimal,System.Int32)" line-rate="1" branch-rate="1" complexity="NaN">
              <lines />
            </method>
            <method name="StrictEqual" signature="(T,T)" line-rate="1" branch-rate="1" complexity="NaN">
              <lines />
            </method>
            <method name="NotEqual" signature="(T,T)" line-rate="1" branch-rate="1" complexity="NaN">
              <lines />
            </method>
            <method name="NotEqual" signature="(T,T,System.Collections.Generic.IEqualityComparer`1&lt;T&gt;)" line-rate="1" branch-rate="1" complexity="NaN">
              <lines />
            </method>
            <method name="NotEqual" signature="(System.Double,System.Double,System.Int32)" line-rate="1" branch-rate="1" complexity="NaN">
              <lines />
            </method>
            <method name="NotEqual" signature="(System.Decimal,System.Decimal,System.Int32)" line-rate="1" branch-rate="1" complexity="NaN">
              <lines />
            </method>
            <method name="NotStrictEqual" signature="(T,T)" line-rate="1" branch-rate="1" complexity="NaN">
              <lines />
            </method>
          </methods>
          <lines />
        </class>
        <class name="Xunit.Assert" filename="C:\Dev\xunit\xunit\src\xunit.assert\Asserts\EventAsserts.cs" line-rate="1" branch-rate="1" complexity="12">
          <methods>
            <method name="Raises" signature="(System.Action`1&lt;System.EventHandler`1&lt;T&gt;&gt;,System.Action`1&lt;System.EventHandler`1&lt;T&gt;&gt;,System.Action)" line-rate="1" branch-rate="1" complexity="NaN">
              <lines />
            </method>
            <method name="RaisesAny" signature="(System.Action`1&lt;System.EventHandler`1&lt;T&gt;&gt;,System.Action`1&lt;System.EventHandler`1&lt;T&gt;&gt;,System.Action)" line-rate="1" branch-rate="1" complexity="NaN">
              <lines />
            </method>
            <method name="RaisesInternal" signature="(System.Action`1&lt;System.EventHandler`1&lt;T&gt;&gt;,System.Action`1&lt;System.EventHandler`1&lt;T&gt;&gt;,System.Action)" line-rate="1" branch-rate="1" complexity="NaN">
              <lines />
            </method>
            <method name="Sender" signature="()" line-rate="1" branch-rate="1" complexity="NaN">
              <lines />
            </method>
            <method name="Arguments" signature="()" line-rate="1" branch-rate="1" complexity="NaN">
              <lines />
            </method>
            <method name=".ctor" signature="(System.Object,T)" line-rate="1" branch-rate="1" complexity="NaN">
              <lines />
            </method>
            <method name="RaisesAsync" signature="()" line-rate="1" branch-rate="1" complexity="5">
              <lines />
            </method>
            <method name="RaisesAnyAsync" signature="()" line-rate="1" branch-rate="1" complexity="4">
              <lines />
            </method>
            <method name="RaisesAsyncInternal" signature="()" line-rate="1" branch-rate="1" complexity="3">
              <lines />
            </method>
          </methods>
          <lines />
        </class>
        <class name="Xunit.Assert" filename="C:\Dev\xunit\xunit\src\xunit.assert\Asserts\ExceptionAsserts.cs" line-rate="1" branch-rate="1" complexity="12">
          <methods>
            <method name="Throws" signature="(System.Action)" line-rate="1" branch-rate="1" complexity="NaN">
              <lines />
            </method>
            <method name="Throws" signature="(System.Func`1&lt;System.Object&gt;)" line-rate="1" branch-rate="1" complexity="NaN">
              <lines />
            </method>
            <method name="Throws" signature="(System.Func`1&lt;System.Threading.Tasks.Task&gt;)" line-rate="1" branch-rate="1" complexity="NaN">
              <lines />
            </method>
            <method name="ThrowsAny" signature="(System.Action)" line-rate="1" branch-rate="1" complexity="NaN">
              <lines />
            </method>
            <method name="ThrowsAny" signature="(System.Func`1&lt;System.Object&gt;)" line-rate="1" branch-rate="1" complexity="NaN">
              <lines />
            </method>
            <method name="Throws" signature="(System.Type,System.Action)" line-rate="1" branch-rate="1" complexity="NaN">
              <lines />
            </method>
            <method name="Throws" signature="(System.Type,System.Func`1&lt;System.Object&gt;)" line-rate="1" branch-rate="1" complexity="NaN">
              <lines />
            </method>
            <method name="Throws" signature="(System.Type,System.Exception)" line-rate="1" branch-rate="1" complexity="NaN">
              <lines />
            </method>
            <method name="ThrowsAny" signature="(System.Type,System.Exception)" line-rate="1" branch-rate="1" complexity="NaN">
              <lines />
            </method>
            <method name="Throws" signature="(System.String,System.Action)" line-rate="1" branch-rate="1" complexity="NaN">
              <lines />
            </method>
            <method name="Throws" signature="(System.String,System.Func`1&lt;System.Object&gt;)" line-rate="1" branch-rate="1" complexity="NaN">
              <lines />
            </method>
            <method name="Throws" signature="(System.String,System.Func`1&lt;System.Threading.Tasks.Task&gt;)" line-rate="1" branch-rate="1" complexity="NaN">
              <lines />
            </method>
            <method name="ThrowsAsync" signature="()" line-rate="1" branch-rate="1" complexity="3">
              <lines />
            </method>
            <method name="ThrowsAnyAsync" signature="()" line-rate="1" branch-rate="1" complexity="3">
              <lines />
            </method>
            <method name="ThrowsAsync" signature="()" line-rate="1" branch-rate="1" complexity="3">
              <lines />
            </method>
            <method name="ThrowsAsync" signature="()" line-rate="1" branch-rate="1" complexity="3">
              <lines />
            </method>
          </methods>
          <lines />
        </class>
        <class name="Xunit.Assert" filename="C:\Dev\xunit\xunit\src\xunit.assert\Asserts\Guards.cs" line-rate="1" branch-rate="1" complexity="NaN">
          <methods>
            <method name="GuardArgumentNotNull" signature="(System.String,System.Object)" line-rate="1" branch-rate="1" complexity="NaN">
              <lines />
            </method>
          </methods>
          <lines />
        </class>
        <class name="Xunit.Assert" filename="C:\Dev\xunit\xunit\src\xunit.assert\Asserts\IdentityAsserts.cs" line-rate="1" branch-rate="1" complexity="NaN">
          <methods>
            <method name="NotSame" signature="(System.Object,System.Object)" line-rate="1" branch-rate="1" complexity="NaN">
              <lines />
            </method>
            <method name="Same" signature="(System.Object,System.Object)" line-rate="1" branch-rate="1" complexity="NaN">
              <lines />
            </method>
          </methods>
          <lines />
        </class>
        <class name="Xunit.Assert" filename="C:\Dev\xunit\xunit\src\xunit.assert\Asserts\NullAsserts.cs" line-rate="1" branch-rate="1" complexity="NaN">
          <methods>
            <method name="NotNull" signature="(System.Object)" line-rate="1" branch-rate="1" complexity="NaN">
              <lines />
            </method>
            <method name="Null" signature="(System.Object)" line-rate="1" branch-rate="1" complexity="NaN">
              <lines />
            </method>
          </methods>
          <lines />
        </class>
        <class name="Xunit.Assert" filename="C:\Dev\xunit\xunit\src\xunit.assert\Asserts\PropertyAsserts.cs" line-rate="1" branch-rate="1" complexity="6">
          <methods>
            <method name="PropertyChanged" signature="(System.ComponentModel.INotifyPropertyChanged,System.String,System.Action)" line-rate="1" branch-rate="1" complexity="NaN">
              <lines />
            </method>
            <method name="PropertyChanged" signature="(System.ComponentModel.INotifyPropertyChanged,System.String,System.Func`1&lt;System.Threading.Tasks.Task&gt;)" line-rate="1" branch-rate="1" complexity="NaN">
              <lines />
            </method>
            <method name="PropertyChangedAsync" signature="()" line-rate="1" branch-rate="1" complexity="6">
              <lines />
            </method>
          </methods>
          <lines />
        </class>
        <class name="Xunit.Assert" filename="C:\Dev\xunit\xunit\src\xunit.assert\Asserts\RangeAsserts.cs" line-rate="1" branch-rate="1" complexity="NaN">
          <methods>
            <method name="InRange" signature="(T,T,T)" line-rate="1" branch-rate="1" complexity="NaN">
              <lines />
            </method>
            <method name="InRange" signature="(T,T,T,System.Collections.Generic.IComparer`1&lt;T&gt;)" line-rate="1" branch-rate="1" complexity="NaN">
              <lines />
            </method>
            <method name="NotInRange" signature="(T,T,T)" line-rate="1" branch-rate="1" complexity="NaN">
              <lines />
            </method>
            <method name="NotInRange" signature="(T,T,T,System.Collections.Generic.IComparer`1&lt;T&gt;)" line-rate="1" branch-rate="1" complexity="NaN">
              <lines />
            </method>
          </methods>
          <lines />
        </class>
        <class name="Xunit.Assert" filename="C:\Dev\xunit\xunit\src\xunit.assert\Asserts\Record.cs" line-rate="1" branch-rate="1" complexity="4">
          <methods>
            <method name="RecordException" signature="(System.Action)" line-rate="1" branch-rate="1" complexity="NaN">
              <lines />
            </method>
            <method name="RecordException" signature="(System.Func`1&lt;System.Object&gt;)" line-rate="1" branch-rate="1" complexity="NaN">
              <lines />
            </method>
            <method name="RecordException" signature="(System.Func`1&lt;System.Threading.Tasks.Task&gt;)" line-rate="1" branch-rate="1" complexity="NaN">
              <lines />
            </method>
            <method name="RecordExceptionAsync" signature="()" line-rate="1" branch-rate="1" complexity="4">
              <lines />
            </method>
          </methods>
          <lines />
        </class>
        <class name="Xunit.Assert" filename="C:\Dev\xunit\xunit\src\xunit.assert\Asserts\SetAsserts.cs" line-rate="1" branch-rate="1" complexity="NaN">
          <methods>
            <method name="ProperSubset" signature="(System.Collections.Generic.ISet`1&lt;T&gt;,System.Collections.Generic.ISet`1&lt;T&gt;)" line-rate="1" branch-rate="1" complexity="NaN">
              <lines />
            </method>
            <method name="ProperSuperset" signature="(System.Collections.Generic.ISet`1&lt;T&gt;,System.Collections.Generic.ISet`1&lt;T&gt;)" line-rate="1" branch-rate="1" complexity="NaN">
              <lines />
            </method>
            <method name="Subset" signature="(System.Collections.Generic.ISet`1&lt;T&gt;,System.Collections.Generic.ISet`1&lt;T&gt;)" line-rate="1" branch-rate="1" complexity="NaN">
              <lines />
            </method>
            <method name="Superset" signature="(System.Collections.Generic.ISet`1&lt;T&gt;,System.Collections.Generic.ISet`1&lt;T&gt;)" line-rate="1" branch-rate="1" complexity="NaN">
              <lines />
            </method>
          </methods>
          <lines />
        </class>
        <class name="Xunit.Assert" filename="C:\Dev\xunit\xunit\src\xunit.assert\Asserts\StringAsserts.cs" line-rate="1" branch-rate="1" complexity="NaN">
          <methods>
            <method name="Contains" signature="(System.String,System.String)" line-rate="1" branch-rate="1" complexity="NaN">
              <lines />
            </method>
            <method name="Contains" signature="(System.String,System.String,System.StringComparison)" line-rate="1" branch-rate="1" complexity="NaN">
              <lines />
            </method>
            <method name="DoesNotContain" signature="(System.String,System.String)" line-rate="1" branch-rate="1" complexity="NaN">
              <lines />
            </method>
            <method name="DoesNotContain" signature="(System.String,System.String,System.StringComparison)" line-rate="1" branch-rate="1" complexity="NaN">
              <lines />
            </method>
            <method name="StartsWith" signature="(System.String,System.String)" line-rate="1" branch-rate="1" complexity="NaN">
              <lines />
            </method>
            <method name="StartsWith" signature="(System.String,System.String,System.StringComparison)" line-rate="1" branch-rate="1" complexity="NaN">
              <lines />
            </method>
            <method name="EndsWith" signature="(System.String,System.String)" line-rate="1" branch-rate="1" complexity="NaN">
              <lines />
            </method>
            <method name="EndsWith" signature="(System.String,System.String,System.StringComparison)" line-rate="1" branch-rate="1" complexity="NaN">
              <lines />
            </method>
            <method name="Matches" signature="(System.String,System.String)" line-rate="1" branch-rate="1" complexity="NaN">
              <lines />
            </method>
            <method name="Matches" signature="(System.Text.RegularExpressions.Regex,System.String)" line-rate="1" branch-rate="1" complexity="NaN">
              <lines />
            </method>
            <method name="DoesNotMatch" signature="(System.String,System.String)" line-rate="1" branch-rate="1" complexity="NaN">
              <lines />
            </method>
            <method name="DoesNotMatch" signature="(System.Text.RegularExpressions.Regex,System.String)" line-rate="1" branch-rate="1" complexity="NaN">
              <lines />
            </method>
            <method name="Equal" signature="(System.String,System.String)" line-rate="1" branch-rate="1" complexity="NaN">
              <lines />
            </method>
            <method name="Equal" signature="(System.String,System.String,System.Boolean,System.Boolean,System.Boolean)" line-rate="1" branch-rate="1" complexity="NaN">
              <lines />
            </method>
            <method name="IsLineEnding" signature="(System.Char)" line-rate="1" branch-rate="1" complexity="NaN">
              <lines />
            </method>
            <method name="IsWhiteSpace" signature="(System.Char)" line-rate="1" branch-rate="1" complexity="NaN">
              <lines />
            </method>
            <method name="SkipLineEnding" signature="(System.String,System.Int32)" line-rate="1" branch-rate="1" complexity="NaN">
              <lines />
            </method>
            <method name="SkipWhitespace" signature="(System.String,System.Int32)" line-rate="1" branch-rate="1" complexity="NaN">
              <lines />
            </method>
          </methods>
          <lines />
        </class>
        <class name="Xunit.Assert" filename="C:\Dev\xunit\xunit\src\xunit.assert\Asserts\TypeAsserts.cs" line-rate="1" branch-rate="1" complexity="NaN">
          <methods>
            <method name="IsAssignableFrom" signature="(System.Object)" line-rate="1" branch-rate="1" complexity="NaN">
              <lines />
            </method>
            <method name="IsAssignableFrom" signature="(System.Type,System.Object)" line-rate="1" branch-rate="1" complexity="NaN">
              <lines />
            </method>
            <method name="IsNotType" signature="(System.Object)" line-rate="1" branch-rate="1" complexity="NaN">
              <lines />
            </method>
            <method name="IsNotType" signature="(System.Type,System.Object)" line-rate="1" branch-rate="1" complexity="NaN">
              <lines />
            </method>
            <method name="IsType" signature="(System.Object)" line-rate="1" branch-rate="1" complexity="NaN">
              <lines />
            </method>
            <method name="IsType" signature="(System.Type,System.Object)" line-rate="1" branch-rate="1" complexity="NaN">
              <lines />
            </method>
          </methods>
          <lines />
        </class>
        <class name="Xunit.Sdk.AllException" filename="C:\Dev\xunit\xunit\src\xunit.assert\Asserts\Sdk\Exceptions\AllException.cs" line-rate="1" branch-rate="1" complexity="NaN">
          <methods>
            <method name="Failures" signature="()" line-rate="1" branch-rate="1" complexity="NaN">
              <lines />
            </method>
            <method name="Message" signature="()" line-rate="1" branch-rate="1" complexity="NaN">
              <lines />
            </method>
            <method name=".ctor" signature="(System.Int32,System.Tuple`3&lt;System.Int32,System.Object,System.Exception&gt;[])" line-rate="1" branch-rate="1" complexity="NaN">
              <lines />
            </method>
          </methods>
          <lines />
        </class>
        <class name="Xunit.Sdk.ArgumentFormatter" filename="C:\Dev\xunit\xunit\src\xunit.assert\Asserts\Sdk\ArgumentFormatter.cs" line-rate="1" branch-rate="1" complexity="1">
          <methods>
            <method name="Format" signature="(System.Object)" line-rate="1" branch-rate="1" complexity="NaN">
              <lines />
            </method>
            <method name="Format" signature="(System.Object,System.Int32)" line-rate="1" branch-rate="1" complexity="NaN">
              <lines />
            </method>
            <method name="FormatComplexValue" signature="(System.Object,System.Int32,System.Type)" line-rate="1" branch-rate="1" complexity="NaN">
              <lines />
            </method>
            <method name="FormatEnumerable" signature="(System.Collections.Generic.IEnumerable`1&lt;System.Object&gt;,System.Int32)" line-rate="1" branch-rate="1" complexity="NaN">
              <lines />
            </method>
            <method name="FormatTypeName" signature="(System.Type)" line-rate="1" branch-rate="1" complexity="NaN">
              <lines />
            </method>
            <method name="WrapAndGetFormattedValue" signature="(System.Func`1&lt;System.Object&gt;,System.Int32)" line-rate="1" branch-rate="1" complexity="NaN">
              <lines />
            </method>
            <method name="UnwrapException" signature="(System.Exception)" line-rate="1" branch-rate="1" complexity="NaN">
              <lines />
            </method>
            <method name="EscapeHexChars" signature="(System.String)" line-rate="1" branch-rate="1" complexity="NaN">
              <lines />
            </method>
            <method name="TryGetEscapeSequence" signature="(System.Char,System.String&amp;)" line-rate="1" branch-rate="1" complexity="NaN">
              <lines />
            </method>
            <method name=".cctor" signature="()" line-rate="1" branch-rate="1" complexity="1">
              <lines />
            </method>
          </methods>
          <lines />
        </class>
        <class name="Xunit.Sdk.AssertActualExpectedException" filename="C:\Dev\xunit\xunit\src\xunit.assert\Asserts\Sdk\Exceptions\AssertActualExpectedException.cs" line-rate="1" branch-rate="1" complexity="NaN">
          <methods>
            <method name="Actual" signature="()" line-rate="1" branch-rate="1" complexity="NaN">
              <lines />
            </method>
            <method name="Actual" signature="(System.String)" line-rate="1" branch-rate="1" complexity="NaN">
              <lines />
            </method>
            <method name="ActualTitle" signature="()" line-rate="1" branch-rate="1" complexity="NaN">
              <lines />
            </method>
            <method name="ActualTitle" signature="(System.String)" line-rate="1" branch-rate="1" complexity="NaN">
              <lines />
            </method>
            <method name="Expected" signature="()" line-rate="1" branch-rate="1" complexity="NaN">
              <lines />
            </method>
            <method name="Expected" signature="(System.String)" line-rate="1" branch-rate="1" complexity="NaN">
              <lines />
            </method>
            <method name="ExpectedTitle" signature="()" line-rate="1" branch-rate="1" complexity="NaN">
              <lines />
            </method>
            <method name="ExpectedTitle" signature="(System.String)" line-rate="1" branch-rate="1" complexity="NaN">
              <lines />
            </method>
            <method name="Message" signature="()" line-rate="1" branch-rate="1" complexity="NaN">
              <lines />
            </method>
            <method name=".ctor" signature="(System.Object,System.Object,System.String,System.String,System.String)" line-rate="1" branch-rate="1" complexity="NaN">
              <lines />
            </method>
            <method name="ConvertToSimpleTypeName" signature="(System.Reflection.TypeInfo)" line-rate="1" branch-rate="1" complexity="NaN">
              <lines />
            </method>
            <method name="ConvertToString" signature="(System.Object)" line-rate="1" branch-rate="1" complexity="NaN">
              <lines />
            </method>
          </methods>
          <lines />
        </class>
        <class name="Xunit.Sdk.AssertCollectionCountException" filename="C:\Dev\xunit\xunit\src\xunit.assert\Asserts\Sdk\Exceptions\AssertCollectionCountException.cs" line-rate="1" branch-rate="1" complexity="NaN">
          <methods>
            <method name=".ctor" signature="(System.Int32,System.Int32)" line-rate="1" branch-rate="1" complexity="NaN">
              <lines />
            </method>
          </methods>
          <lines />
        </class>
        <class name="Xunit.Sdk.AssertComparer`1" filename="C:\Dev\xunit\xunit\src\xunit.assert\Asserts\Sdk\AssertComparer.cs" line-rate="1" branch-rate="1" complexity="1">
          <methods>
            <method name="Compare" signature="(T,T)" line-rate="1" branch-rate="1" complexity="NaN">
              <lines />
            </method>
            <method name=".cctor" signature="()" line-rate="1" branch-rate="1" complexity="1">
              <lines />
            </method>
          </methods>
          <lines />
        </class>
        <class name="Xunit.Sdk.AssertEqualityComparer`1" filename="C:\Dev\xunit\xunit\src\xunit.assert\Asserts\Sdk\AssertEqualityComparer.cs" line-rate="1" branch-rate="1" complexity="1">
          <methods>
            <method name=".ctor" signature="(System.Collections.IEqualityComparer)" line-rate="1" branch-rate="1" complexity="NaN">
              <lines />
            </method>
            <method name="Equals" signature="(T,T)" line-rate="1" branch-rate="1" complexity="NaN">
              <lines />
            </method>
            <method name="CheckIfEnumerablesAreEqual" signature="(T,T)" line-rate="1" branch-rate="1" complexity="NaN">
              <lines />
            </method>
            <method name="CheckIfDictionariesAreEqual" signature="(T,T)" line-rate="1" branch-rate="1" complexity="NaN">
              <lines />
            </method>
            <method name="CheckIfSetsAreEqual" signature="(T,T,System.Reflection.TypeInfo)" line-rate="1" branch-rate="1" complexity="NaN">
              <lines />
            </method>
            <method name="CompareTypedSets" signature="(System.Collections.IEnumerable,System.Collections.IEnumerable)" line-rate="1" branch-rate="1" complexity="NaN">
              <lines />
            </method>
            <method name="IsSet" signature="(System.Reflection.TypeInfo)" line-rate="1" branch-rate="1" complexity="NaN">
              <lines />
            </method>
            <method name="GetHashCode" signature="(T)" line-rate="1" branch-rate="1" complexity="NaN">
              <lines />
            </method>
            <method name=".cctor" signature="()" line-rate="1" branch-rate="1" complexity="1">
              <lines />
            </method>
            <method name=".ctor" signature="(System.Collections.IEqualityComparer)" line-rate="1" branch-rate="1" complexity="NaN">
              <lines />
            </method>
            <method name="Equals" signature="(System.Object,System.Object)" line-rate="1" branch-rate="1" complexity="NaN">
              <lines />
            </method>
            <method name="EqualsGeneric" signature="(U,U)" line-rate="1" branch-rate="1" complexity="NaN">
              <lines />
            </method>
            <method name="GetHashCode" signature="(System.Object)" line-rate="1" branch-rate="1" complexity="NaN">
              <lines />
            </method>
          </methods>
          <lines />
        </class>
        <class name="Xunit.Sdk.AssertEqualityComparerAdapter`1" filename="C:\Dev\xunit\xunit\src\xunit.assert\Asserts\Sdk\AssertEqualityComparerAdapter.cs" line-rate="1" branch-rate="1" complexity="NaN">
          <methods>
            <method name=".ctor" signature="(System.Collections.Generic.IEqualityComparer`1&lt;T&gt;)" line-rate="1" branch-rate="1" complexity="NaN">
              <lines />
            </method>
            <method name="Equals" signature="(System.Object,System.Object)" line-rate="1" branch-rate="1" complexity="NaN">
              <lines />
            </method>
            <method name="GetHashCode" signature="(System.Object)" line-rate="1" branch-rate="1" complexity="NaN">
              <lines />
            </method>
          </methods>
          <lines />
        </class>
        <class name="Xunit.Sdk.CollectionException" filename="C:\Dev\xunit\xunit\src\xunit.assert\Asserts\Sdk\Exceptions\CollectionException.cs" line-rate="1" branch-rate="1" complexity="NaN">
          <methods>
            <method name="Collection" signature="()" line-rate="1" branch-rate="1" complexity="NaN">
              <lines />
            </method>
            <method name="Collection" signature="(System.Object)" line-rate="1" branch-rate="1" complexity="NaN">
              <lines />
            </method>
            <method name="ActualCount" signature="()" line-rate="1" branch-rate="1" complexity="NaN">
              <lines />
            </method>
            <method name="ActualCount" signature="(System.Int32)" line-rate="1" branch-rate="1" complexity="NaN">
              <lines />
            </method>
            <method name="ExpectedCount" signature="()" line-rate="1" branch-rate="1" complexity="NaN">
              <lines />
            </method>
            <method name="ExpectedCount" signature="(System.Int32)" line-rate="1" branch-rate="1" complexity="NaN">
              <lines />
            </method>
            <method name="IndexFailurePoint" signature="()" line-rate="1" branch-rate="1" complexity="NaN">
              <lines />
            </method>
            <method name="IndexFailurePoint" signature="(System.Int32)" line-rate="1" branch-rate="1" complexity="NaN">
              <lines />
            </method>
            <method name="Message" signature="()" line-rate="1" branch-rate="1" complexity="NaN">
              <lines />
            </method>
            <method name="StackTrace" signature="()" line-rate="1" branch-rate="1" complexity="NaN">
              <lines />
            </method>
            <method name=".ctor" signature="(System.Object,System.Int32,System.Int32,System.Int32,System.Exception)" line-rate="1" branch-rate="1" complexity="NaN">
              <lines />
            </method>
            <method name="FormatInnerException" signature="(System.Exception)" line-rate="1" branch-rate="1" complexity="NaN">
              <lines />
            </method>
          </methods>
          <lines />
        </class>
        <class name="Xunit.Sdk.ContainsException" filename="C:\Dev\xunit\xunit\src\xunit.assert\Asserts\Sdk\Exceptions\ContainsException.cs" line-rate="1" branch-rate="1" complexity="NaN">
          <methods>
            <method name=".ctor" signature="(System.Object,System.Object)" line-rate="1" branch-rate="1" complexity="NaN">
              <lines />
            </method>
          </methods>
          <lines />
        </class>
        <class name="Xunit.Sdk.DoesNotContainException" filename="C:\Dev\xunit\xunit\src\xunit.assert\Asserts\Sdk\Exceptions\DoesNotContainException.cs" line-rate="1" branch-rate="1" complexity="NaN">
          <methods>
            <method name=".ctor" signature="(System.Object,System.Object)" line-rate="1" branch-rate="1" complexity="NaN">
              <lines />
            </method>
          </methods>
          <lines />
        </class>
[...]
              <lines />
            </method>
            <method name="RequireXunitTestProperty" signature="()" line-rate="1" branch-rate="1" complexity="NaN">
              <lines />
            </method>
            <method name="RequireXunitTestProperty" signature="(System.Boolean)" line-rate="1" branch-rate="1" complexity="NaN">
              <lines />
            </method>
          </methods>
          <lines />
        </class>
        <class name="Xunit.Runner.VisualStudio.VisualStudioRunnerLogger" filename="C:\Dev\xunit\xunit\src\xunit.runner.visualstudio\Utility\VisualStudioRunnerLogger.cs" line-rate="1" branch-rate="1" complexity="1">
          <methods>
            <method name="LockObject" signature="()" line-rate="1" branch-rate="1" complexity="NaN">
              <lines />
            </method>
            <method name=".ctor" signature="(LoggerHelper)" line-rate="1" branch-rate="1" complexity="NaN">
              <lines />
            </method>
            <method name="LogError" signature="(Xunit.StackFrameInfo,System.String)" line-rate="1" branch-rate="1" complexity="NaN">
              <lines />
            </method>
            <method name="LogImportantMessage" signature="(Xunit.StackFrameInfo,System.String)" line-rate="1" branch-rate="1" complexity="NaN">
              <lines />
            </method>
            <method name="LogMessage" signature="(Xunit.StackFrameInfo,System.String)" line-rate="1" branch-rate="1" complexity="NaN">
              <lines />
            </method>
            <method name="LogWarning" signature="(Xunit.StackFrameInfo,System.String)" line-rate="1" branch-rate="1" complexity="NaN">
              <lines />
            </method>
            <method name=".cctor" signature="()" line-rate="1" branch-rate="1" complexity="1">
              <lines />
            </method>
          </methods>
          <lines />
        </class>
        <class name="Xunit.Runner.VisualStudio.VsDiscoverySink" filename="C:\Dev\xunit\xunit\src\xunit.runner.visualstudio\Sinks\VsDiscoverySink.cs" line-rate="1" branch-rate="1" complexity="11">
          <methods>
            <method name="Finished" signature="()" line-rate="1" branch-rate="1" complexity="NaN">
              <lines />
            </method>
            <method name="TotalTests" signature="()" line-rate="1" branch-rate="1" complexity="NaN">
              <lines />
            </method>
            <method name="TotalTests" signature="(System.Int32)" line-rate="1" branch-rate="1" complexity="NaN">
              <lines />
            </method>
            <method name=".ctor" signature="(System.String,Xunit.Abstractions.ITestFrameworkDiscoverer,LoggerHelper,Microsoft.VisualStudio.TestPlatform.ObjectModel.Adapter.ITestCaseDiscoverySink,Xunit.Abstractions.ITestFrameworkDiscoveryOptions,Xunit.Runner.VisualStudio.TestPlatformContext,System.Func`1&lt;System.Boolean&gt;)" line-rate="1" branch-rate="1" complexity="NaN">
              <lines />
            </method>
            <method name="Dispose" signature="()" line-rate="1" branch-rate="1" complexity="1">
              <lines />
            </method>
            <method name="CreateVsTestCase" signature="(System.String,Xunit.TestCaseDescriptor,LoggerHelper,Xunit.Runner.VisualStudio.TestPlatformContext)" line-rate="1" branch-rate="1" complexity="NaN">
              <lines />
            </method>
            <method name="Escape" signature="(System.String)" line-rate="1" branch-rate="1" complexity="NaN">
              <lines />
            </method>
            <method name="Truncate" signature="(System.String)" line-rate="1" branch-rate="1" complexity="NaN">
              <lines />
            </method>
            <method name="Finish" signature="()" line-rate="1" branch-rate="1" complexity="1">
              <lines />
            </method>
            <method name="GetAddTraitThunk" signature="()" line-rate="1" branch-rate="1" complexity="3">
              <lines />
            </method>
            <method name="HandleCancellation" signature="(Xunit.MessageHandlerArgs)" line-rate="1" branch-rate="1" complexity="NaN">
              <lines />
            </method>
            <method name="HandleTestCaseDiscoveryMessage" signature="(Xunit.MessageHandlerArgs`1&lt;Xunit.Abstractions.ITestCaseDiscoveryMessage&gt;)" line-rate="1" branch-rate="1" complexity="NaN">
              <lines />
            </method>
            <method name="HandleDiscoveryCompleteMessage" signature="(Xunit.MessageHandlerArgs`1&lt;Xunit.Abstractions.IDiscoveryCompleteMessage&gt;)" line-rate="1" branch-rate="1" complexity="NaN">
              <lines />
            </method>
            <method name="Xunit.IMessageSinkWithTypes.OnMessageWithTypes" signature="(Xunit.Abstractions.IMessageSinkMessage,System.Collections.Generic.HashSet`1&lt;System.String&gt;)" line-rate="1" branch-rate="1" complexity="NaN">
              <lines />
            </method>
            <method name="SendExistingTestCases" signature="()" line-rate="1" branch-rate="1" complexity="5">
              <lines />
            </method>
            <method name="GuidFromString" signature="(System.String)" line-rate="1" branch-rate="1" complexity="NaN">
              <lines />
            </method>
            <method name=".cctor" signature="()" line-rate="1" branch-rate="1" complexity="1">
              <lines />
            </method>
          </methods>
          <lines />
        </class>
        <class name="Xunit.Runner.VisualStudio.VsExecutionDiscoverySink" filename="C:\Dev\xunit\xunit\src\xunit.runner.visualstudio\Sinks\VsExecutionDiscoverySink.cs" line-rate="1" branch-rate="1" complexity="1">
          <methods>
            <method name=".ctor" signature="(System.Func`1&lt;System.Boolean&gt;)" line-rate="1" branch-rate="1" complexity="NaN">
              <lines />
            </method>
            <method name="Finish" signature="()" line-rate="1" branch-rate="1" complexity="1">
              <lines />
            </method>
          </methods>
          <lines />
        </class>
        <class name="Xunit.Runner.VisualStudio.VsExecutionSink" filename="C:\Dev\xunit\xunit\src\xunit.runner.visualstudio\Sinks\VsExecutionSink.cs" line-rate="1" branch-rate="1" complexity="1">
          <methods>
            <method name="ExecutionSummary" signature="()" line-rate="1" branch-rate="1" complexity="NaN">
              <lines />
            </method>
            <method name="ExecutionSummary" signature="(Xunit.ExecutionSummary)" line-rate="1" branch-rate="1" complexity="NaN">
              <lines />
            </method>
            <method name="Finished" signature="()" line-rate="1" branch-rate="1" complexity="NaN">
              <lines />
            </method>
            <method name=".ctor" signature="(Xunit.IMessageSinkWithTypes,Microsoft.VisualStudio.TestPlatform.ObjectModel.Adapter.ITestExecutionRecorder,LoggerHelper,System.Collections.Generic.Dictionary`2&lt;System.String,Microsoft.VisualStudio.TestPlatform.ObjectModel.TestCase&gt;,Xunit.Abstractions.ITestFrameworkExecutionOptions,System.Func`1&lt;System.Boolean&gt;)" line-rate="1" branch-rate="1" complexity="NaN">
              <lines />
            </method>
            <method name="Dispose" signature="()" line-rate="1" branch-rate="1" complexity="1">
              <lines />
            </method>
            <method name="FindTestCase" signature="(Xunit.Abstractions.ITestCase)" line-rate="1" branch-rate="1" complexity="NaN">
              <lines />
            </method>
            <method name="TryAndReport" signature="(System.String,Xunit.Abstractions.ITestCase,System.Action)" line-rate="1" branch-rate="1" complexity="NaN">
              <lines />
            </method>
            <method name="HandleCancellation" signature="(Xunit.MessageHandlerArgs)" line-rate="1" branch-rate="1" complexity="NaN">
              <lines />
            </method>
            <method name="HandleErrorMessage" signature="(Xunit.MessageHandlerArgs`1&lt;Xunit.Abstractions.IErrorMessage&gt;)" line-rate="1" branch-rate="1" complexity="NaN">
              <lines />
            </method>
            <method name="HandleTestAssemblyFinished" signature="(Xunit.MessageHandlerArgs`1&lt;Xunit.Abstractions.ITestAssemblyFinished&gt;)" line-rate="1" branch-rate="1" complexity="NaN">
              <lines />
            </method>
            <method name="HandleTestFailed" signature="(Xunit.MessageHandlerArgs`1&lt;Xunit.Abstractions.ITestFailed&gt;)" line-rate="1" branch-rate="1" complexity="NaN">
              <lines />
            </method>
            <method name="HandleTestPassed" signature="(Xunit.MessageHandlerArgs`1&lt;Xunit.Abstractions.ITestPassed&gt;)" line-rate="1" branch-rate="1" complexity="NaN">
              <lines />
            </method>
            <method name="HandleTestSkipped" signature="(Xunit.MessageHandlerArgs`1&lt;Xunit.Abstractions.ITestSkipped&gt;)" line-rate="1" branch-rate="1" complexity="NaN">
              <lines />
            </method>
            <method name="HandleTestCaseStarting" signature="(Xunit.MessageHandlerArgs`1&lt;Xunit.Abstractions.ITestCaseStarting&gt;)" line-rate="1" branch-rate="1" complexity="NaN">
              <lines />
            </method>
            <method name="HandleTestCaseFinished" signature="(Xunit.MessageHandlerArgs`1&lt;Xunit.Abstractions.ITestCaseFinished&gt;)" line-rate="1" branch-rate="1" complexity="NaN">
              <lines />
            </method>
            <method name="HandleTestAssemblyCleanupFailure" signature="(Xunit.MessageHandlerArgs`1&lt;Xunit.Abstractions.ITestAssemblyCleanupFailure&gt;)" line-rate="1" branch-rate="1" complexity="NaN">
              <lines />
            </method>
            <method name="HandleTestCaseCleanupFailure" signature="(Xunit.MessageHandlerArgs`1&lt;Xunit.Abstractions.ITestCaseCleanupFailure&gt;)" line-rate="1" branch-rate="1" complexity="NaN">
              <lines />
            </method>
            <method name="HandleTestClassCleanupFailure" signature="(Xunit.MessageHandlerArgs`1&lt;Xunit.Abstractions.ITestClassCleanupFailure&gt;)" line-rate="1" branch-rate="1" complexity="NaN">
              <lines />
            </method>
            <method name="HandleTestCollectionCleanupFailure" signature="(Xunit.MessageHandlerArgs`1&lt;Xunit.Abstractions.ITestCollectionCleanupFailure&gt;)" line-rate="1" branch-rate="1" complexity="NaN">
              <lines />
            </method>
            <method name="HandleTestCleanupFailure" signature="(Xunit.MessageHandlerArgs`1&lt;Xunit.Abstractions.ITestCleanupFailure&gt;)" line-rate="1" branch-rate="1" complexity="NaN">
              <lines />
            </method>
            <method name="HandleTestMethodCleanupFailure" signature="(Xunit.MessageHandlerArgs`1&lt;Xunit.Abstractions.ITestMethodCleanupFailure&gt;)" line-rate="1" branch-rate="1" complexity="NaN">
              <lines />
            </method>
            <method name="WriteError" signature="(System.String,Xunit.Abstractions.IFailureInformation,System.Collections.Generic.IEnumerable`1&lt;Xunit.Abstractions.ITestCase&gt;)" line-rate="1" branch-rate="1" complexity="NaN">
              <lines />
            </method>
            <method name="MakeVsTestResult" signature="(Microsoft.VisualStudio.TestPlatform.ObjectModel.TestOutcome,Xunit.Abstractions.ITestResultMessage)" line-rate="1" branch-rate="1" complexity="NaN">
              <lines />
            </method>
            <method name="MakeVsTestResult" signature="(Microsoft.VisualStudio.TestPlatform.ObjectModel.TestOutcome,Xunit.Abstractions.ITestSkipped)" line-rate="1" branch-rate="1" complexity="NaN">
              <lines />
            </method>
            <method name="MakeVsTestResult" signature="(Microsoft.VisualStudio.TestPlatform.ObjectModel.TestOutcome,Xunit.Abstractions.ITestCase,System.String,System.Double,System.String)" line-rate="1" branch-rate="1" complexity="NaN">
              <lines />
            </method>
            <method name="GetAggregatedTestOutcome" signature="(Xunit.Abstractions.ITestCaseFinished)" line-rate="1" branch-rate="1" complexity="NaN">
              <lines />
            </method>
            <method name="OnMessageWithTypes" signature="(Xunit.Abstractions.IMessageSinkMessage,System.Collections.Generic.HashSet`1&lt;System.String&gt;)" line-rate="1" branch-rate="1" complexity="NaN">
              <lines />
            </method>
          </methods>
          <lines />
        </class>
        <class name="Xunit.Runner.VisualStudio.VsTestRunner" filename="C:\Dev\xunit\xunit\src\xunit.runner.visualstudio\VsTestRunner.cs" line-rate="1" branch-rate="1" complexity="4">
          <methods>
            <method name="Cancel" signature="()" line-rate="1" branch-rate="1" complexity="1">
              <lines />
            </method>
            <method name="Microsoft.VisualStudio.TestPlatform.ObjectModel.Adapter.ITestDiscoverer.DiscoverTests" signature="(System.Collections.Generic.IEnumerable`1&lt;System.String&gt;,Microsoft.VisualStudio.TestPlatform.ObjectModel.Adapter.IDiscoveryContext,Microsoft.VisualStudio.TestPlatform.ObjectModel.Logging.IMessageLogger,Microsoft.VisualStudio.TestPlatform.ObjectModel.Adapter.ITestCaseDiscoverySink)" line-rate="1" branch-rate="1" complexity="NaN">
              <lines />
            </method>
            <method name="Microsoft.VisualStudio.TestPlatform.ObjectModel.Adapter.ITestExecutor.RunTests" signature="(System.Collections.Generic.IEnumerable`1&lt;System.String&gt;,Microsoft.VisualStudio.TestPlatform.ObjectModel.Adapter.IRunContext,Microsoft.VisualStudio.TestPlatform.ObjectModel.Adapter.IFrameworkHandle)" line-rate="1" branch-rate="1" complexity="NaN">
              <lines />
            </method>
            <method name="Microsoft.VisualStudio.TestPlatform.ObjectModel.Adapter.ITestExecutor.RunTests" signature="(System.Collections.Generic.IEnumerable`1&lt;Microsoft.VisualStudio.TestPlatform.ObjectModel.TestCase&gt;,Microsoft.VisualStudio.TestPlatform.ObjectModel.Adapter.IRunContext,Microsoft.VisualStudio.TestPlatform.ObjectModel.Adapter.IFrameworkHandle)" line-rate="1" branch-rate="1" complexity="NaN">
              <lines />
            </method>
            <method name="ContainsAppX" signature="(System.Collections.Generic.IEnumerable`1&lt;System.String&gt;)" line-rate="1" branch-rate="1" complexity="NaN">
              <lines />
            </method>
            <method name="DiscoverTests" signature="(System.Collections.Generic.IEnumerable`1&lt;System.String&gt;,LoggerHelper,Xunit.Runner.VisualStudio.TestPlatformContext,System.Func`4&lt;System.String,Xunit.Abstractions.ITestFrameworkDiscoverer,Xunit.Abstractions.ITestFrameworkDiscoveryOptions,TVisitor&gt;,System.Action`4&lt;System.String,Xunit.Abstractions.ITestFrameworkDiscoverer,Xunit.Abstractions.ITestFrameworkDiscoveryOptions,TVisitor&gt;)" line-rate="1" branch-rate="1" complexity="NaN">
              <lines />
            </method>
            <method name="DiscoverTestsInSource" signature="(Xunit.XunitFrontController,LoggerHelper,Xunit.Runner.VisualStudio.TestPlatformContext,System.Func`4&lt;System.String,Xunit.Abstractions.ITestFrameworkDiscoverer,Xunit.Abstractions.ITestFrameworkDiscoveryOptions,TVisitor&gt;,System.Action`4&lt;System.String,Xunit.Abstractions.ITestFrameworkDiscoverer,Xunit.Abstractions.ITestFrameworkDiscoveryOptions,TVisitor&gt;,System.String,System.Boolean,Xunit.TestAssemblyConfiguration)" line-rate="1" branch-rate="1" complexity="NaN">
              <lines />
            </method>
            <method name="GetConfigurationStreamForAssembly" signature="(System.String)" line-rate="1" branch-rate="1" complexity="NaN">
              <lines />
            </method>
            <method name="GetTestProperty" signature="()" line-rate="1" branch-rate="1" complexity="1">
              <lines />
            </method>
            <method name="IsXunitTestAssembly" signature="(System.String)" line-rate="1" branch-rate="1" complexity="NaN">
              <lines />
            </method>
            <method name="GetAssemblyFileName" signature="(System.String)" line-rate="1" branch-rate="1" complexity="NaN">
              <lines />
            </method>
            <method name="LoadConfiguration" signature="(System.String)" line-rate="1" branch-rate="1" complexity="NaN">
              <lines />
            </method>
            <method name="RunTests" signature="(Microsoft.VisualStudio.TestPlatform.ObjectModel.Adapter.IRunContext,Microsoft.VisualStudio.TestPlatform.ObjectModel.Adapter.IFrameworkHandle,LoggerHelper,Xunit.Runner.VisualStudio.TestPlatformContext,System.Func`1&lt;System.Collections.Generic.List`1&lt;Xunit.Runner.VisualStudio.AssemblyRunInfo&gt;&gt;)" line-rate="1" branch-rate="1" complexity="NaN">
              <lines />
            </method>
            <method name="RunTestsInAssembly" signature="(Microsoft.VisualStudio.TestPlatform.ObjectModel.Adapter.IRunContext,Microsoft.VisualStudio.TestPlatform.ObjectModel.Adapter.IFrameworkHandle,LoggerHelper,Xunit.Runner.VisualStudio.TestPlatformContext,Xunit.IMessageSinkWithTypes,Xunit.Runner.VisualStudio.AssemblyRunInfo)" line-rate="1" branch-rate="1" complexity="NaN">
              <lines />
            </method>
            <method name="RunTestsInAssemblyAsync" signature="(Microsoft.VisualStudio.TestPlatform.ObjectModel.Adapter.IRunContext,Microsoft.VisualStudio.TestPlatform.ObjectModel.Adapter.IFrameworkHandle,LoggerHelper,Xunit.Runner.VisualStudio.TestPlatformContext,Xunit.IMessageSinkWithTypes,Xunit.Runner.VisualStudio.AssemblyRunInfo)" line-rate="1" branch-rate="1" complexity="NaN">
              <lines />
            </method>
            <method name="GetRunnerReporter" signature="(System.Collections.Generic.IEnumerable`1&lt;System.String&gt;)" line-rate="1" branch-rate="1" complexity="NaN">
              <lines />
            </method>
            <method name="GetAvailableRunnerReporters" signature="(System.Collections.Generic.IEnumerable`1&lt;System.String&gt;)" line-rate="1" branch-rate="1" complexity="NaN">
              <lines />
            </method>
            <method name="ValidateRuntimeFramework" signature="()" line-rate="1" branch-rate="1" complexity="1">
              <lines />
            </method>
            <method name="GetVsTestCases" signature="(System.String,Xunit.Abstractions.ITestFrameworkDiscoverer,Xunit.Runner.VisualStudio.VsExecutionDiscoverySink,LoggerHelper,Xunit.Runner.VisualStudio.TestPlatformContext)" line-rate="1" branch-rate="1" complexity="NaN">
              <lines />
            </method>
            <method name=".cctor" signature="()" line-rate="1" branch-rate="1" complexity="1">
              <lines />
            </method>
            <method name="Name" signature="()" line-rate="1" branch-rate="1" complexity="NaN">
              <lines />
            </method>
            <method name="TraitNames" signature="()" line-rate="1" branch-rate="1" complexity="NaN">
              <lines />
            </method>
            <method name="VSTestCase" signature="()" line-rate="1" branch-rate="1" complexity="NaN">
              <lines />
            </method>
            <method name="TestCase" signature="()" line-rate="1" branch-rate="1" complexity="NaN">
              <lines />
            </method>
            <method name="UniqueID" signature="()" line-rate="1" branch-rate="1" complexity="NaN">
              <lines />
            </method>
            <method name=".ctor" signature="(System.String,Xunit.TestCaseDescriptor,Xunit.Abstractions.ITestCase,LoggerHelper,Xunit.Runner.VisualStudio.TestPlatformContext)" line-rate="1" branch-rate="1" complexity="NaN">
              <lines />
            </method>
          </methods>
          <lines />
        </class>
      </classes>
    </package>
  </packages>
</coverage>